[10/27/25 20:52:10] INFO     Test info                                                   logger.py:30
                    DEBUG    Test debug                                                  logger.py:31
                    WARNING  Test warning                                                logger.py:32
                    CRITICAL Test critical                                               logger.py:33
                    ERROR    Test error                                                  logger.py:34
[10/27/25 20:52:10] INFO     Test info                                                   logger.py:30
                    DEBUG    Test debug                                                  logger.py:31
                    WARNING  Test warning                                                logger.py:32
                    CRITICAL Test critical                                               logger.py:33
                    ERROR    Test error                                                  logger.py:34
[10/27/25 20:52:10] INFO     Test info                                                   logger.py:30
                    DEBUG    Test debug                                                  logger.py:31
                    WARNING  Test warning                                                logger.py:32
                    CRITICAL Test critical                                               logger.py:33
                    ERROR    Test error                                                  logger.py:34
[10/27/25 20:52:10] INFO     Test info                                                   logger.py:30
                    DEBUG    Test debug                                                  logger.py:31
                    WARNING  Test warning                                                logger.py:32
                    CRITICAL Test critical                                               logger.py:33
                    ERROR    Test error                                                  logger.py:34
[10/27/25 20:52:11] INFO     Qdrant client initialized successfully              qdrant_service.py:34
[10/27/25 20:52:13] INFO     Collection already exists: learning_app_documents   qdrant_service.py:90
[10/27/25 21:28:25] WARNING  Test warning                                 logger.py:46
                    CRITICAL Test critical                                logger.py:47
                    ERROR    Test error                                   logger.py:48
[10/27/25 21:28:25] WARNING  Test warning                                 logger.py:46
                    CRITICAL Test critical                                logger.py:47
                    ERROR    Test error                                   logger.py:48
[10/27/25 21:28:25] WARNING  Test warning                                 logger.py:46
                    CRITICAL Test critical                                logger.py:47
                    ERROR    Test error                                   logger.py:48
[10/27/25 21:28:25] WARNING  Test warning                                 logger.py:46
                    CRITICAL Test critical                                logger.py:47
                    ERROR    Test error                                   logger.py:48
[10/27/25 21:28:25] WARNING  Test warning                                 logger.py:46
                    CRITICAL Test critical                                logger.py:47
                    ERROR    Test error                                   logger.py:48
[10/27/25 21:28:25] WARNING  Test warning                                 logger.py:46
                    CRITICAL Test critical                                logger.py:47
                    ERROR    Test error                                   logger.py:48
[10/27/25 21:28:25] WARNING  Test warning                                 logger.py:46
                    CRITICAL Test critical                                logger.py:47
                    ERROR    Test error                                   logger.py:48
[10/27/25 21:28:25] WARNING  Test warning                                 logger.py:46
                    CRITICAL Test critical                                logger.py:47
                    ERROR    Test error                                   logger.py:48
[10/27/25 21:28:33] ERROR    Failed to initialize NLTK data: File is  nltk_init.py:188
                             not a zip file                                           
[10/27/25 21:31:40] WARNING  No relevant context found, falling    chat_service.py:259
                             back to full content preview                             
[10/27/25 21:32:14] WARNING  No relevant context found, falling    chat_service.py:259
                             back to full content preview                             
